<?xml version="1.0" encoding="UTF-8"?>
<!-- Generated by org.testng.reporters.JUnitReportReporter -->
<testsuite skipped="0" hostname="GDC-UmeshK-LPT" name="com.maven.Build.BuildJob" tests="1" failures="0" timestamp="07 Jun 2019 14:14:33 GMT" time="0.018" errors="0">
  <testcase name="buildingJob" time="0.018" classname="com.maven.Build.BuildJob"/>
</testsuite> <!-- com.maven.Build.BuildJob -->
